<?xml version="1.0" encoding="UTF-8"?>
<testng-results skipped="0" failed="1" ignored="0" total="1" passed="0">
  <reporter-output>
  </reporter-output>
  <suite name="com.crm.organization.CreateOrganizationTest" duration-ms="34791" started-at="2022-12-22T17:02:16Z" finished-at="2022-12-22T17:02:51Z">
    <groups>
      <group name="regressionTest">
        <method signature="CreateOrganizationTest.createOrganizationTest()[pri:0, instance:com.crm.organization.CreateOrganizationTest@548b7f67]" name="createOrganizationTest" class="com.crm.organization.CreateOrganizationTest"/>
      </group> <!-- regressionTest -->
    </groups>
    <test name="Command line test" duration-ms="34791" started-at="2022-12-22T17:02:16Z" finished-at="2022-12-22T17:02:51Z">
      <class name="com.crm.organization.CreateOrganizationTest">
        <test-method status="PASS" signature="BS()[pri:0, instance:com.crm.organization.CreateOrganizationTest@548b7f67]" name="BS" is-config="true" duration-ms="14" started-at="2022-12-22T17:02:16Z" finished-at="2022-12-22T17:02:16Z">
          <reporter-output>
          </reporter-output>
        </test-method> <!-- BS -->
        <test-method status="PASS" signature="BT()[pri:0, instance:com.crm.organization.CreateOrganizationTest@548b7f67]" name="BT" is-config="true" duration-ms="0" started-at="2022-12-22T17:02:16Z" finished-at="2022-12-22T17:02:16Z">
          <reporter-output>
          </reporter-output>
        </test-method> <!-- BT -->
        <test-method status="PASS" signature="BC()[pri:0, instance:com.crm.organization.CreateOrganizationTest@548b7f67]" name="BC" is-config="true" duration-ms="1952" started-at="2022-12-22T17:02:16Z" finished-at="2022-12-22T17:02:18Z">
          <reporter-output>
          </reporter-output>
        </test-method> <!-- BC -->
        <test-method status="PASS" signature="BM()[pri:0, instance:com.crm.organization.CreateOrganizationTest@548b7f67]" name="BM" is-config="true" duration-ms="3287" started-at="2022-12-22T17:02:18Z" finished-at="2022-12-22T17:02:21Z">
          <reporter-output>
          </reporter-output>
        </test-method> <!-- BM -->
        <test-method status="FAIL" signature="createOrganizationTest()[pri:0, instance:com.crm.organization.CreateOrganizationTest@548b7f67]" name="createOrganizationTest" duration-ms="5363" started-at="2022-12-22T17:02:21Z" finished-at="2022-12-22T17:02:27Z">
          <exception class="java.lang.AssertionError">
            <message>
              <![CDATA[null]]>
            </message>
            <full-stacktrace>
              <![CDATA[java.lang.AssertionError: null
at org.testng.Assert.fail(Assert.java:96)
at org.testng.Assert.fail(Assert.java:103)
at com.crm.organization.CreateOrganizationTest.createOrganizationTest(CreateOrganizationTest.java:58)
at sun.reflect.NativeMethodAccessorImpl.invoke0(Native Method)
at sun.reflect.NativeMethodAccessorImpl.invoke(NativeMethodAccessorImpl.java:62)
at sun.reflect.DelegatingMethodAccessorImpl.invoke(DelegatingMethodAccessorImpl.java:43)
at java.lang.reflect.Method.invoke(Method.java:498)
at org.testng.internal.MethodInvocationHelper.invokeMethod(MethodInvocationHelper.java:124)
at org.testng.internal.Invoker.invokeMethod(Invoker.java:583)
at org.testng.internal.Invoker.invokeTestMethod(Invoker.java:719)
at org.testng.internal.Invoker.invokeTestMethods(Invoker.java:989)
at org.testng.internal.TestMethodWorker.invokeTestMethods(TestMethodWorker.java:125)
at org.testng.internal.TestMethodWorker.run(TestMethodWorker.java:109)
at org.testng.TestRunner.privateRun(TestRunner.java:648)
at org.testng.TestRunner.run(TestRunner.java:505)
at org.testng.SuiteRunner.runTest(SuiteRunner.java:455)
at org.testng.SuiteRunner.runSequentially(SuiteRunner.java:450)
at org.testng.SuiteRunner.privateRun(SuiteRunner.java:415)
at org.testng.SuiteRunner.run(SuiteRunner.java:364)
at org.testng.SuiteRunnerWorker.runSuite(SuiteRunnerWorker.java:52)
at org.testng.SuiteRunnerWorker.run(SuiteRunnerWorker.java:84)
at org.testng.TestNG.runSuitesSequentially(TestNG.java:1208)
at org.testng.TestNG.runSuitesLocally(TestNG.java:1137)
at org.testng.TestNG.runSuites(TestNG.java:1049)
at org.testng.TestNG.run(TestNG.java:1017)
at org.apache.maven.surefire.testng.TestNGExecutor.run(TestNGExecutor.java:77)
at org.apache.maven.surefire.testng.TestNGDirectoryTestSuite.execute(TestNGDirectoryTestSuite.java:110)
at org.apache.maven.surefire.testng.TestNGProvider.invoke(TestNGProvider.java:106)
at sun.reflect.NativeMethodAccessorImpl.invoke0(Native Method)
at sun.reflect.NativeMethodAccessorImpl.invoke(NativeMethodAccessorImpl.java:62)
at sun.reflect.DelegatingMethodAccessorImpl.invoke(DelegatingMethodAccessorImpl.java:43)
at java.lang.reflect.Method.invoke(Method.java:498)
at org.apache.maven.surefire.util.ReflectionUtils.invokeMethodWithArray(ReflectionUtils.java:189)
at org.apache.maven.surefire.booter.ProviderFactory$ProviderProxy.invoke(ProviderFactory.java:165)
at org.apache.maven.surefire.booter.ProviderFactory.invokeProvider(ProviderFactory.java:85)
at org.apache.maven.surefire.booter.ForkedBooter.runSuitesInProcess(ForkedBooter.java:115)
at org.apache.maven.surefire.booter.ForkedBooter.main(ForkedBooter.java:75)
]]>
            </full-stacktrace>
          </exception> <!-- java.lang.AssertionError -->
          <reporter-output>
          </reporter-output>
        </test-method> <!-- createOrganizationTest -->
        <test-method status="PASS" signature="AM()[pri:0, instance:com.crm.organization.CreateOrganizationTest@548b7f67]" name="AM" is-config="true" duration-ms="1492" started-at="2022-12-22T17:02:33Z" finished-at="2022-12-22T17:02:34Z">
          <reporter-output>
          </reporter-output>
        </test-method> <!-- AM -->
        <test-method status="PASS" signature="AC()[pri:0, instance:com.crm.organization.CreateOrganizationTest@548b7f67]" name="AC" is-config="true" duration-ms="16270" started-at="2022-12-22T17:02:34Z" finished-at="2022-12-22T17:02:51Z">
          <reporter-output>
          </reporter-output>
        </test-method> <!-- AC -->
        <test-method status="PASS" signature="AT()[pri:0, instance:com.crm.organization.CreateOrganizationTest@548b7f67]" name="AT" is-config="true" duration-ms="1" started-at="2022-12-22T17:02:51Z" finished-at="2022-12-22T17:02:51Z">
          <reporter-output>
          </reporter-output>
        </test-method> <!-- AT -->
        <test-method status="PASS" signature="AS()[pri:0, instance:com.crm.organization.CreateOrganizationTest@548b7f67]" name="AS" is-config="true" duration-ms="0" started-at="2022-12-22T17:02:51Z" finished-at="2022-12-22T17:02:51Z">
          <reporter-output>
          </reporter-output>
        </test-method> <!-- AS -->
      </class> <!-- com.crm.organization.CreateOrganizationTest -->
    </test> <!-- Command line test -->
  </suite> <!-- com.crm.organization.CreateOrganizationTest -->
</testng-results>
